1498325195599	geckodriver	INFO	Listening on 127.0.0.1:56571
1498325196747	geckodriver::marionette	INFO	Starting browser /usr/bin/firefox with args ["-marionette"]
1498325199051	Marionette	INFO	Listening on port 32803
1498325199106	Marionette	WARN	TLS certificate errors will be ignored for this session
1498325455045	Marionette	INFO	Ceased listening
1498327009574	geckodriver	INFO	Listening on 127.0.0.1:51016
1498327010711	geckodriver::marionette	INFO	Starting browser /usr/bin/firefox with args ["-marionette"]
1498327012933	Marionette	INFO	Listening on port 37043
1498327013041	Marionette	WARN	TLS certificate errors will be ignored for this session
1498327394451	Marionette	INFO	Ceased listening
1498328011035	geckodriver	INFO	Listening on 127.0.0.1:41643
1498328012179	geckodriver::marionette	INFO	Starting browser /usr/bin/firefox with args ["-marionette"]
1498328014474	Marionette	INFO	Listening on port 38621
1498328014529	Marionette	WARN	TLS certificate errors will be ignored for this session
1498328138661	Marionette	INFO	Ceased listening
1498328289645	geckodriver	INFO	Listening on 127.0.0.1:57258
1498328290783	geckodriver::marionette	INFO	Starting browser /usr/bin/firefox with args ["-marionette"]
1498328293064	Marionette	INFO	Listening on port 34254
1498328293119	Marionette	WARN	TLS certificate errors will be ignored for this session
1498328347373	geckodriver	INFO	Listening on 127.0.0.1:48154
1498328348526	geckodriver::marionette	INFO	Starting browser /usr/bin/firefox with args ["-marionette"]
1498328350798	Marionette	INFO	Listening on port 34731
1498328350854	Marionette	WARN	TLS certificate errors will be ignored for this session
1498328353189	Marionette	INFO	Ceased listening
1498328372518	geckodriver	INFO	Listening on 127.0.0.1:36583
1498328373669	geckodriver::marionette	INFO	Starting browser /usr/bin/firefox with args ["-marionette"]
1498328375949	Marionette	INFO	Listening on port 43724
1498328376004	Marionette	WARN	TLS certificate errors will be ignored for this session
1498328444253	geckodriver	INFO	Listening on 127.0.0.1:44672
1498328445399	geckodriver::marionette	INFO	Starting browser /usr/bin/firefox with args ["-marionette"]
1498328447682	Marionette	INFO	Listening on port 39498
1498328447737	Marionette	WARN	TLS certificate errors will be ignored for this session
1498328466556	Marionette	INFO	Ceased listening
1498328473222	Marionette	INFO	Ceased listening
1498328558718	geckodriver	INFO	Listening on 127.0.0.1:39537
1498328559858	geckodriver::marionette	INFO	Starting browser /usr/bin/firefox with args ["-marionette"]
1498328562098	Marionette	INFO	Listening on port 38848
1498328562197	Marionette	WARN	TLS certificate errors will be ignored for this session
1498328599422	Marionette	INFO	Ceased listening
*************************
A coding exception was thrown and uncaught in a Task.

Full message: TypeError: NetworkError when attempting to fetch resource.
Full stack: 
*************************
1498328841212	geckodriver	INFO	Listening on 127.0.0.1:51244
1498328842349	geckodriver::marionette	INFO	Starting browser /usr/bin/firefox with args ["-marionette"]
1498328844646	Marionette	INFO	Listening on port 41191
1498328844704	Marionette	WARN	TLS certificate errors will be ignored for this session
1498328855328	Marionette	INFO	Ceased listening
1498328880581	geckodriver	INFO	Listening on 127.0.0.1:46565
1498328881730	geckodriver::marionette	INFO	Starting browser /usr/bin/firefox with args ["-marionette"]
1498328883999	Marionette	INFO	Listening on port 39233
1498328884057	Marionette	WARN	TLS certificate errors will be ignored for this session
1498328904709	Marionette	INFO	Ceased listening
1498329955231	geckodriver	INFO	Listening on 127.0.0.1:45204
1498329956371	geckodriver::marionette	INFO	Starting browser /usr/bin/firefox with args ["-marionette"]
1498329958646	Marionette	INFO	Listening on port 44860
1498329958704	Marionette	WARN	TLS certificate errors will be ignored for this session
1498329965583	Marionette	INFO	Ceased listening
1498330009492	geckodriver	INFO	Listening on 127.0.0.1:43916
1498330010634	geckodriver::marionette	INFO	Starting browser /usr/bin/firefox with args ["-marionette"]
1498330012955	Marionette	INFO	Listening on port 39054
1498330013053	Marionette	WARN	TLS certificate errors will be ignored for this session
1498330020834	Marionette	INFO	Ceased listening
1498330065170	geckodriver	INFO	Listening on 127.0.0.1:47317
1498330066321	geckodriver::marionette	INFO	Starting browser /usr/bin/firefox with args ["-marionette"]
1498330068620	Marionette	INFO	Listening on port 44661
1498330068683	Marionette	WARN	TLS certificate errors will be ignored for this session
1498330074982	Marionette	INFO	Ceased listening
1498330111180	geckodriver	INFO	Listening on 127.0.0.1:49637
1498330112323	geckodriver::marionette	INFO	Starting browser /usr/bin/firefox with args ["-marionette"]
1498330114638	Marionette	INFO	Listening on port 43116
1498330114745	Marionette	WARN	TLS certificate errors will be ignored for this session
1498330118495	Marionette	INFO	Ceased listening
1498330266672	geckodriver	INFO	Listening on 127.0.0.1:56193
1498330267815	geckodriver::marionette	INFO	Starting browser /usr/bin/firefox with args ["-marionette"]
1498330270120	Marionette	INFO	Listening on port 36001
1498330270175	Marionette	WARN	TLS certificate errors will be ignored for this session
1498330502171	geckodriver	INFO	Listening on 127.0.0.1:34082
1498330503317	geckodriver::marionette	INFO	Starting browser /usr/bin/firefox with args ["-marionette"]
1498330505611	Marionette	INFO	Listening on port 34830
1498330505666	Marionette	WARN	TLS certificate errors will be ignored for this session
1498330513589	Marionette	INFO	Ceased listening
1498330572530	geckodriver	INFO	Listening on 127.0.0.1:46073
1498330573683	geckodriver::marionette	INFO	Starting browser /usr/bin/firefox with args ["-marionette"]
1498330575946	Marionette	INFO	Listening on port 46300
1498330576001	Marionette	WARN	TLS certificate errors will be ignored for this session
1498330581745	Marionette	INFO	Ceased listening
1498330655393	geckodriver	INFO	Listening on 127.0.0.1:51445
1498330656539	geckodriver::marionette	INFO	Starting browser /usr/bin/firefox with args ["-marionette"]
1498330658801	Marionette	INFO	Listening on port 44534
1498330658862	Marionette	WARN	TLS certificate errors will be ignored for this session
1498330667564	Marionette	INFO	Ceased listening
1498330671016	geckodriver	INFO	Listening on 127.0.0.1:47964
1498330672159	geckodriver::marionette	INFO	Starting browser /usr/bin/firefox with args ["-marionette"]
1498330720297	geckodriver	INFO	Listening on 127.0.0.1:45615
1498330721447	geckodriver::marionette	INFO	Starting browser /usr/bin/firefox with args ["-marionette"]
1498330723722	Marionette	INFO	Listening on port 42966
1498330723776	Marionette	WARN	TLS certificate errors will be ignored for this session
1498330730029	Marionette	INFO	Ceased listening
1498330748251	geckodriver	INFO	Listening on 127.0.0.1:36956
1498330749396	geckodriver::marionette	INFO	Starting browser /usr/bin/firefox with args ["-marionette"]
1498330751652	Marionette	INFO	Listening on port 38627
1498330751732	Marionette	WARN	TLS certificate errors will be ignored for this session
*************************
A coding exception was thrown and uncaught in a Task.

Full message: TypeError: NetworkError when attempting to fetch resource.
Full stack: 
*************************
JavaScript warning: http://plaza.eng.uci.edu/sites/all/modules/jquery_update/replace/jquery.min.js?j, line 19: unreachable code after return statement
JavaScript warning: http://plaza.eng.uci.edu/sites/all/modules/jquery_update/replace/jquery.min.js?j, line 19: unreachable code after return statement
1498331053200	Marionette	INFO	Ceased listening
*************************
A coding exception was thrown and uncaught in a Task.

Full message: TypeError: NetworkError when attempting to fetch resource.
Full stack: 
*************************
1498334347934	geckodriver	INFO	Listening on 127.0.0.1:49232
1498334349071	geckodriver::marionette	INFO	Starting browser /usr/bin/firefox with args ["-marionette"]
1498334351442	Marionette	INFO	Listening on port 46538
1498334351501	Marionette	WARN	TLS certificate errors will be ignored for this session
*************************
A coding exception was thrown and uncaught in a Task.

Full message: TypeError: NetworkError when attempting to fetch resource.
Full stack: 
*************************
